<?xml version="1.0" encoding="UTF-8"?>
<!-- Generated by org.testng.reporters.JUnitReportReporter -->
<testsuite skipped="0" hostname="DEL1-LHP-N67666" name="com.hilti.ta.RunCucumberTest" tests="2" failures="0" timestamp="27 Apr 2020 07:36:16 GMT" time="98.024" errors="0">
  <testcase name="runScenario" time="55.192" classname="com.hilti.ta.RunCucumberTest"/>
  <testcase name="runScenario" time="42.832" classname="com.hilti.ta.RunCucumberTest"/>
</testsuite> <!-- com.hilti.ta.RunCucumberTest -->
